<?xml version="1.0" encoding="UTF-8"?>
<testng-results ignored="0" total="1" passed="1" failed="0" skipped="0">
  <reporter-output>
  </reporter-output>
  <suite started-at="2023-06-12T11:50:29 IST" name="Default suite" finished-at="2023-06-12T11:51:36 IST" duration-ms="67111">
    <groups>
    </groups>
    <test started-at="2023-06-12T11:50:29 IST" name="Default test" finished-at="2023-06-12T11:51:36 IST" duration-ms="67111">
      <class name="Com.Project.TestNG.Api">
        <test-method signature="print()[pri:0, instance:Com.Project.TestNG.Api@3e08ff24]" started-at="2023-06-12T11:50:29 IST" name="print" finished-at="2023-06-12T11:51:36 IST" duration-ms="67015" status="PASS">
          <reporter-output>
          </reporter-output>
        </test-method> <!-- print -->
      </class> <!-- Com.Project.TestNG.Api -->
    </test> <!-- Default test -->
  </suite> <!-- Default suite -->
</testng-results>
